[2022-07-09T19:48:21.519] [DEBUG] cheese - login => username:root,password:root
[2022-07-09T19:48:21.522] [DEBUG] cheese - root
[2022-07-09T19:48:21.537] [DEBUG] cheese - null
[2022-07-09T19:48:21.538] [DEBUG] cheese - null
[2022-07-09T19:48:22.443] [DEBUG] cheese - login => username:root,password:root
[2022-07-09T19:48:22.443] [DEBUG] cheese - root
[2022-07-09T19:48:22.447] [DEBUG] cheese - null
[2022-07-09T19:48:22.447] [DEBUG] cheese - null
[2022-07-09T19:48:36.879] [DEBUG] cheese - login => username:admin,password:123
[2022-07-09T19:48:36.879] [DEBUG] cheese - admin
[2022-07-09T19:48:36.885] [DEBUG] cheese - null
[2022-07-09T19:48:36.885] [DEBUG] cheese - null
[2022-07-09T19:48:39.575] [DEBUG] cheese - login => username:admin,password:123456
[2022-07-09T19:48:39.575] [DEBUG] cheese - admin
[2022-07-09T19:48:39.578] [DEBUG] cheese - null
[2022-07-09T19:48:39.578] [DEBUG] cheese - null
[2022-07-09T21:58:48.756] [DEBUG] cheese - login => username:admin,password:123456
[2022-07-09T21:58:48.757] [DEBUG] cheese - admin
[2022-07-09T21:58:48.780] [DEBUG] cheese - null
[2022-07-09T21:58:48.781] [DEBUG] cheese - null
[2022-07-09T21:58:59.223] [DEBUG] cheese - login => username:admin,password:123
[2022-07-09T21:58:59.223] [DEBUG] cheese - admin
[2022-07-09T21:58:59.225] [DEBUG] cheese - null
[2022-07-09T21:58:59.225] [DEBUG] cheese - null
[2022-07-09T21:59:01.892] [DEBUG] cheese - login => username:admin,password:123
[2022-07-09T21:59:01.892] [DEBUG] cheese - admin
[2022-07-09T21:59:01.895] [DEBUG] cheese - null
[2022-07-09T21:59:01.895] [DEBUG] cheese - null
[2022-07-09T22:06:58.240] [DEBUG] cheese - login => username:admin,password:123
[2022-07-09T22:06:58.240] [DEBUG] cheese - admin
[2022-07-09T22:06:58.246] [DEBUG] cheese - null
[2022-07-09T22:06:58.246] [DEBUG] cheese - null
[2022-07-09T22:07:05.137] [DEBUG] cheese - login => username:admin,password:123
[2022-07-09T22:07:05.137] [DEBUG] cheese - admin
[2022-07-09T22:07:05.139] [DEBUG] cheese - null
[2022-07-09T22:07:05.139] [DEBUG] cheese - null
[2022-07-09T22:17:54.214] [DEBUG] cheese - login => username:admin,password:123456
[2022-07-09T22:17:54.214] [DEBUG] cheese - admin
[2022-07-09T22:17:54.219] [DEBUG] cheese - null
[2022-07-09T22:17:54.219] [DEBUG] cheese - null
[2022-07-09T22:17:59.343] [DEBUG] cheese - login => username:admin,password:123456
[2022-07-09T22:17:59.343] [DEBUG] cheese - admin
[2022-07-09T22:17:59.345] [DEBUG] cheese - null
[2022-07-09T22:17:59.345] [DEBUG] cheese - null
[2022-07-09T22:18:39.933] [DEBUG] cheese - login => username:admin,password:123456
[2022-07-09T22:18:39.933] [DEBUG] cheese - admin
[2022-07-09T22:18:39.935] [DEBUG] cheese - null
[2022-07-09T22:18:39.935] [DEBUG] cheese - null
[2022-07-09T22:18:44.252] [DEBUG] cheese - login => username:admin,password:123456
[2022-07-09T22:18:44.252] [DEBUG] cheese - admin
[2022-07-09T22:18:44.255] [DEBUG] cheese - null
[2022-07-09T22:18:44.255] [DEBUG] cheese - null
[2022-07-09T22:18:52.357] [DEBUG] cheese - login => username:admin,password:123456
[2022-07-09T22:18:52.357] [DEBUG] cheese - admin
[2022-07-09T22:18:52.358] [DEBUG] cheese - null
[2022-07-09T22:18:52.359] [DEBUG] cheese - null
[2022-07-09T22:18:57.572] [DEBUG] cheese - login => username:admin,password:123456
[2022-07-09T22:18:57.572] [DEBUG] cheese - admin
[2022-07-09T22:18:57.574] [DEBUG] cheese - null
[2022-07-09T22:18:57.574] [DEBUG] cheese - null
[2022-07-09T22:19:41.252] [DEBUG] cheese - login => username:admin,password:1234561
[2022-07-09T22:19:41.252] [DEBUG] cheese - admin
[2022-07-09T22:19:41.254] [DEBUG] cheese - null
[2022-07-09T22:19:41.254] [DEBUG] cheese - null
[2022-07-09T22:20:41.103] [DEBUG] cheese - login => username:admin,password:123
[2022-07-09T22:20:41.103] [DEBUG] cheese - admin
[2022-07-09T22:20:41.105] [DEBUG] cheese - null
[2022-07-09T22:20:41.105] [DEBUG] cheese - null
[2022-07-09T22:22:33.212] [DEBUG] cheese - login => username:admin,password:123
[2022-07-09T22:22:33.212] [DEBUG] cheese - admin
[2022-07-09T22:22:33.214] [DEBUG] cheese - null
[2022-07-09T22:22:33.214] [DEBUG] cheese - null
[2022-07-09T22:22:38.192] [DEBUG] cheese - login => username:admin,password:123456
[2022-07-09T22:22:38.192] [DEBUG] cheese - admin
[2022-07-09T22:22:38.194] [DEBUG] cheese - null
[2022-07-09T22:22:38.194] [DEBUG] cheese - null
[2022-07-09T22:23:24.433] [DEBUG] cheese - login => username:admin,password:123456
[2022-07-09T22:23:24.434] [DEBUG] cheese - admin
[2022-07-09T22:23:24.442] [DEBUG] cheese - null
[2022-07-09T22:23:24.443] [DEBUG] cheese - null
[2022-07-09T22:23:25.653] [DEBUG] cheese - login => username:admin,password:123456
[2022-07-09T22:23:25.653] [DEBUG] cheese - admin
[2022-07-09T22:23:25.656] [DEBUG] cheese - null
[2022-07-09T22:23:25.656] [DEBUG] cheese - null
[2022-07-09T22:25:37.145] [DEBUG] cheese - login => username:admin,password:123456
[2022-07-09T22:25:37.145] [DEBUG] cheese - admin
[2022-07-09T22:25:37.151] [DEBUG] cheese - null
[2022-07-09T22:25:37.151] [DEBUG] cheese - null
[2022-07-09T22:25:57.689] [DEBUG] cheese - login => username:admin,password:123456
[2022-07-09T22:25:57.689] [DEBUG] cheese - admin
[2022-07-09T22:25:57.692] [DEBUG] cheese - null
[2022-07-09T22:25:57.692] [DEBUG] cheese - null
[2022-07-09T22:25:59.075] [DEBUG] cheese - login => username:admin,password:123456
[2022-07-09T22:25:59.076] [DEBUG] cheese - admin
[2022-07-09T22:25:59.078] [DEBUG] cheese - null
[2022-07-09T22:25:59.078] [DEBUG] cheese - null
[2022-07-09T22:25:59.615] [DEBUG] cheese - login => username:admin,password:123456
[2022-07-09T22:25:59.615] [DEBUG] cheese - admin
[2022-07-09T22:25:59.617] [DEBUG] cheese - null
[2022-07-09T22:25:59.617] [DEBUG] cheese - null
[2022-07-09T22:25:59.960] [DEBUG] cheese - login => username:admin,password:123456
[2022-07-09T22:25:59.960] [DEBUG] cheese - admin
[2022-07-09T22:25:59.962] [DEBUG] cheese - null
[2022-07-09T22:25:59.962] [DEBUG] cheese - null
[2022-07-09T22:26:00.363] [DEBUG] cheese - login => username:admin,password:123456
[2022-07-09T22:26:00.363] [DEBUG] cheese - admin
[2022-07-09T22:26:00.365] [DEBUG] cheese - null
[2022-07-09T22:26:00.366] [DEBUG] cheese - null
[2022-07-09T22:27:15.536] [DEBUG] cheese - login => username:admin,password:123456
[2022-07-09T22:27:15.536] [DEBUG] cheese - admin
[2022-07-09T22:27:15.539] [DEBUG] cheese - null
[2022-07-09T22:27:15.539] [DEBUG] cheese - null
[2022-07-09T22:27:17.317] [DEBUG] cheese - login => username:admin,password:123456
[2022-07-09T22:27:17.317] [DEBUG] cheese - admin
[2022-07-09T22:27:17.319] [DEBUG] cheese - null
[2022-07-09T22:27:17.319] [DEBUG] cheese - null
[2022-07-09T22:27:18.199] [DEBUG] cheese - login => username:admin,password:123456
[2022-07-09T22:27:18.199] [DEBUG] cheese - admin
[2022-07-09T22:27:18.201] [DEBUG] cheese - null
[2022-07-09T22:27:18.202] [DEBUG] cheese - null
[2022-07-09T22:27:18.813] [DEBUG] cheese - login => username:admin,password:123456
[2022-07-09T22:27:18.813] [DEBUG] cheese - admin
[2022-07-09T22:27:18.816] [DEBUG] cheese - null
[2022-07-09T22:27:18.816] [DEBUG] cheese - null
[2022-07-09T22:27:19.327] [DEBUG] cheese - login => username:admin,password:123456
[2022-07-09T22:27:19.327] [DEBUG] cheese - admin
[2022-07-09T22:27:19.329] [DEBUG] cheese - null
[2022-07-09T22:27:19.329] [DEBUG] cheese - null
[2022-07-09T22:27:19.799] [DEBUG] cheese - login => username:admin,password:123456
[2022-07-09T22:27:19.799] [DEBUG] cheese - admin
[2022-07-09T22:27:19.801] [DEBUG] cheese - null
[2022-07-09T22:27:19.801] [DEBUG] cheese - null
[2022-07-09T22:27:20.226] [DEBUG] cheese - login => username:admin,password:123456
[2022-07-09T22:27:20.226] [DEBUG] cheese - admin
[2022-07-09T22:27:20.228] [DEBUG] cheese - null
[2022-07-09T22:27:20.228] [DEBUG] cheese - null
[2022-07-09T22:27:20.683] [DEBUG] cheese - login => username:admin,password:123456
[2022-07-09T22:27:20.683] [DEBUG] cheese - admin
[2022-07-09T22:27:20.685] [DEBUG] cheese - null
[2022-07-09T22:27:20.686] [DEBUG] cheese - null
[2022-07-09T22:27:21.298] [DEBUG] cheese - login => username:admin,password:123456
[2022-07-09T22:27:21.298] [DEBUG] cheese - admin
[2022-07-09T22:27:21.300] [DEBUG] cheese - null
[2022-07-09T22:27:21.300] [DEBUG] cheese - null
[2022-07-09T22:27:21.802] [DEBUG] cheese - login => username:admin,password:123456
[2022-07-09T22:27:21.802] [DEBUG] cheese - admin
[2022-07-09T22:27:21.804] [DEBUG] cheese - null
[2022-07-09T22:27:21.804] [DEBUG] cheese - null
[2022-07-09T22:27:22.231] [DEBUG] cheese - login => username:admin,password:123456
[2022-07-09T22:27:22.231] [DEBUG] cheese - admin
[2022-07-09T22:27:22.233] [DEBUG] cheese - null
[2022-07-09T22:27:22.233] [DEBUG] cheese - null
[2022-07-09T22:27:22.595] [DEBUG] cheese - login => username:admin,password:123456
[2022-07-09T22:27:22.595] [DEBUG] cheese - admin
[2022-07-09T22:27:22.597] [DEBUG] cheese - null
[2022-07-09T22:27:22.597] [DEBUG] cheese - null
[2022-07-09T22:27:23.112] [DEBUG] cheese - login => username:admin,password:123456
[2022-07-09T22:27:23.112] [DEBUG] cheese - admin
[2022-07-09T22:27:23.114] [DEBUG] cheese - null
[2022-07-09T22:27:23.114] [DEBUG] cheese - null
[2022-07-09T22:27:23.584] [DEBUG] cheese - login => username:admin,password:123456
[2022-07-09T22:27:23.584] [DEBUG] cheese - admin
[2022-07-09T22:27:23.586] [DEBUG] cheese - null
[2022-07-09T22:27:23.586] [DEBUG] cheese - null
[2022-07-09T22:27:24.301] [DEBUG] cheese - login => username:admin,password:123456
[2022-07-09T22:27:24.301] [DEBUG] cheese - admin
[2022-07-09T22:27:24.303] [DEBUG] cheese - null
[2022-07-09T22:27:24.303] [DEBUG] cheese - null
[2022-07-09T22:27:25.257] [DEBUG] cheese - login => username:admin,password:123456
[2022-07-09T22:27:25.257] [DEBUG] cheese - admin
[2022-07-09T22:27:25.259] [DEBUG] cheese - null
[2022-07-09T22:27:25.259] [DEBUG] cheese - null
[2022-07-09T22:27:43.410] [DEBUG] cheese - login => username:admin,password:123456
[2022-07-09T22:27:43.410] [DEBUG] cheese - admin
[2022-07-09T22:27:43.412] [DEBUG] cheese - null
[2022-07-09T22:27:43.412] [DEBUG] cheese - null
[2022-07-09T22:27:44.171] [DEBUG] cheese - login => username:admin,password:123456
[2022-07-09T22:27:44.171] [DEBUG] cheese - admin
[2022-07-09T22:27:44.173] [DEBUG] cheese - null
[2022-07-09T22:27:44.173] [DEBUG] cheese - null
[2022-07-09T22:27:44.645] [DEBUG] cheese - login => username:admin,password:123456
[2022-07-09T22:27:44.645] [DEBUG] cheese - admin
[2022-07-09T22:27:44.647] [DEBUG] cheese - null
[2022-07-09T22:27:44.647] [DEBUG] cheese - null
[2022-07-09T22:27:47.171] [DEBUG] cheese - login => username:admin,password:123456
[2022-07-09T22:27:47.171] [DEBUG] cheese - admin
[2022-07-09T22:27:47.173] [DEBUG] cheese - null
[2022-07-09T22:27:47.173] [DEBUG] cheese - null
[2022-07-09T22:29:24.997] [DEBUG] cheese - login => username:admin,password:123456
[2022-07-09T22:29:24.997] [DEBUG] cheese - admin
[2022-07-09T22:29:24.999] [DEBUG] cheese - null
[2022-07-09T22:29:24.999] [DEBUG] cheese - null
[2022-07-09T22:29:29.264] [DEBUG] cheese - login => username:admin,password:123
[2022-07-09T22:29:29.264] [DEBUG] cheese - admin
[2022-07-09T22:29:29.266] [DEBUG] cheese - null
[2022-07-09T22:29:29.266] [DEBUG] cheese - null
[2022-07-09T22:29:31.258] [DEBUG] cheese - login => username:admin,password:123456
[2022-07-09T22:29:31.258] [DEBUG] cheese - admin
[2022-07-09T22:29:31.260] [DEBUG] cheese - null
[2022-07-09T22:29:31.260] [DEBUG] cheese - null
[2022-07-09T22:31:13.117] [DEBUG] cheese - login => username:admin,password:1234561
[2022-07-09T22:31:13.117] [DEBUG] cheese - admin
[2022-07-09T22:31:13.119] [DEBUG] cheese - null
[2022-07-09T22:31:13.119] [DEBUG] cheese - null
[2022-07-09T22:31:15.433] [DEBUG] cheese - login => username:admin,password:123456
[2022-07-09T22:31:15.433] [DEBUG] cheese - admin
[2022-07-09T22:31:15.434] [DEBUG] cheese - null
[2022-07-09T22:31:15.434] [DEBUG] cheese - null
[2022-07-09T22:31:31.471] [DEBUG] cheese - login => username:admin,password:123456
[2022-07-09T22:31:31.471] [DEBUG] cheese - admin
[2022-07-09T22:31:31.473] [DEBUG] cheese - null
[2022-07-09T22:31:31.473] [DEBUG] cheese - null
[2022-07-09T22:32:10.823] [DEBUG] cheese - login => username:admin,password:123456
[2022-07-09T22:32:10.824] [DEBUG] cheese - admin
[2022-07-09T22:32:10.825] [DEBUG] cheese - null
[2022-07-09T22:32:10.825] [DEBUG] cheese - null
[2022-07-10T19:18:23.654] [DEBUG] cheese - login => username:admin,password:123456
[2022-07-10T19:18:23.656] [DEBUG] cheese - admin
[2022-07-10T19:18:23.683] [DEBUG] cheese - null
[2022-07-10T19:18:23.684] [DEBUG] cheese - null
[2022-07-10T19:18:30.660] [DEBUG] cheese - login => username:admin,password:123
[2022-07-10T19:18:30.661] [DEBUG] cheese - admin
[2022-07-10T19:18:30.666] [DEBUG] cheese - null
[2022-07-10T19:18:30.666] [DEBUG] cheese - null
[2022-07-10T19:18:33.125] [DEBUG] cheese - login => username:admin,password:123456
[2022-07-10T19:18:33.126] [DEBUG] cheese - admin
[2022-07-10T19:18:33.130] [DEBUG] cheese - null
[2022-07-10T19:18:33.130] [DEBUG] cheese - null
[2022-07-10T19:22:45.671] [DEBUG] cheese - login => username:admin,password:123456
[2022-07-10T19:22:45.671] [DEBUG] cheese - admin
[2022-07-10T19:22:45.716] [DEBUG] cheese - null
[2022-07-10T19:22:45.716] [DEBUG] cheese - null
[2022-07-10T19:27:41.075] [DEBUG] cheese - login => username:admin,password:123456
[2022-07-10T19:27:41.075] [DEBUG] cheese - admin
[2022-07-10T19:27:41.082] [DEBUG] cheese - null
[2022-07-10T19:27:41.083] [DEBUG] cheese - null
[2022-07-10T21:01:55.301] [DEBUG] cheese - login => username:admin,password:123456
[2022-07-10T21:01:55.301] [DEBUG] cheese - admin
[2022-07-10T21:01:55.309] [DEBUG] cheese - null
[2022-07-10T21:01:55.309] [DEBUG] cheese - null
[2022-07-10T21:03:16.447] [DEBUG] cheese - login => username:admin,password:123456
[2022-07-10T21:03:16.447] [DEBUG] cheese - admin
[2022-07-10T21:03:16.450] [DEBUG] cheese - null
[2022-07-10T21:03:16.451] [DEBUG] cheese - null
[2022-07-10T21:03:53.414] [DEBUG] cheese - login => username:admin,password:123456
[2022-07-10T21:03:53.414] [DEBUG] cheese - admin
[2022-07-10T21:03:53.416] [DEBUG] cheese - null
[2022-07-10T21:03:53.416] [DEBUG] cheese - null
[2022-07-10T21:05:10.899] [DEBUG] cheese - login => username:admin,password:123456
[2022-07-10T21:05:10.899] [DEBUG] cheese - admin
[2022-07-10T21:05:10.902] [DEBUG] cheese - null
[2022-07-10T21:05:10.902] [DEBUG] cheese - null
[2022-07-10T21:18:10.953] [DEBUG] cheese - login => username:admin,password:123456
[2022-07-10T21:18:10.953] [DEBUG] cheese - admin
[2022-07-10T21:18:10.959] [DEBUG] cheese - null
[2022-07-10T21:18:10.959] [DEBUG] cheese - null
[2022-07-10T21:23:09.461] [DEBUG] cheese - login => username:admin,password:123456
[2022-07-10T21:23:09.461] [DEBUG] cheese - admin
[2022-07-10T21:23:09.466] [DEBUG] cheese - null
[2022-07-10T21:23:09.466] [DEBUG] cheese - null
[2022-07-10T21:40:44.149] [DEBUG] cheese - login => username:admin,password:123456
[2022-07-10T21:40:44.149] [DEBUG] cheese - admin
[2022-07-10T21:40:44.155] [DEBUG] cheese - null
[2022-07-10T21:40:44.155] [DEBUG] cheese - null
[2022-07-10T22:08:30.255] [DEBUG] cheese - login => username:admin,password:123456
[2022-07-10T22:08:30.255] [DEBUG] cheese - admin
[2022-07-10T22:08:30.260] [DEBUG] cheese - null
[2022-07-10T22:08:30.260] [DEBUG] cheese - null
[2022-07-10T22:19:53.588] [DEBUG] cheese - login => username:admin,password:123456
[2022-07-10T22:19:53.589] [DEBUG] cheese - admin
[2022-07-10T22:19:53.597] [DEBUG] cheese - null
[2022-07-10T22:19:53.597] [DEBUG] cheese - null
[2022-07-10T22:53:58.199] [DEBUG] cheese - login => username:admin,password:123456
[2022-07-10T22:53:58.200] [DEBUG] cheese - admin
[2022-07-10T22:53:58.213] [DEBUG] cheese - null
[2022-07-10T22:53:58.213] [DEBUG] cheese - null
[2022-07-10T23:03:00.499] [DEBUG] cheese - login => username:admin,password:123456
[2022-07-10T23:03:00.499] [DEBUG] cheese - admin
[2022-07-10T23:03:00.508] [DEBUG] cheese - null
[2022-07-10T23:03:00.508] [DEBUG] cheese - null
[2022-07-10T23:03:35.394] [DEBUG] cheese - login => username:admin,password:123456
[2022-07-10T23:03:35.394] [DEBUG] cheese - admin
[2022-07-10T23:03:35.396] [DEBUG] cheese - null
[2022-07-10T23:03:35.396] [DEBUG] cheese - null
[2022-07-10T23:04:46.789] [DEBUG] cheese - login => username:admin,password:123456
[2022-07-10T23:04:46.789] [DEBUG] cheese - admin
[2022-07-10T23:04:46.791] [DEBUG] cheese - null
[2022-07-10T23:04:46.792] [DEBUG] cheese - null
[2022-07-10T23:06:01.188] [DEBUG] cheese - login => username:admin,password:123456
[2022-07-10T23:06:01.188] [DEBUG] cheese - admin
[2022-07-10T23:06:01.191] [DEBUG] cheese - null
[2022-07-10T23:06:01.191] [DEBUG] cheese - null
[2022-07-10T23:06:45.417] [DEBUG] cheese - login => username:admin,password:123456
[2022-07-10T23:06:45.417] [DEBUG] cheese - admin
[2022-07-10T23:06:45.419] [DEBUG] cheese - null
[2022-07-10T23:06:45.419] [DEBUG] cheese - null
[2022-07-11T10:59:13.768] [DEBUG] cheese - login => username:admin,password:123456
[2022-07-11T10:59:13.770] [DEBUG] cheese - admin
[2022-07-11T10:59:13.780] [DEBUG] cheese - null
[2022-07-11T10:59:13.781] [DEBUG] cheese - null
[2022-07-12T11:03:55.121] [DEBUG] cheese - login => username:admin,password:123456
[2022-07-12T11:03:55.122] [DEBUG] cheese - admin
[2022-07-12T11:03:55.128] [DEBUG] cheese - null
[2022-07-12T11:03:55.129] [DEBUG] cheese - null
[2022-07-12T19:59:53.286] [DEBUG] cheese - login => username:admin,password:123456
[2022-07-12T19:59:53.288] [DEBUG] cheese - admin
[2022-07-12T19:59:53.293] [DEBUG] cheese - null
[2022-07-12T19:59:53.294] [DEBUG] cheese - null
[2022-07-13T10:32:17.453] [DEBUG] cheese - login => username:admin,password:123456
[2022-07-13T10:32:17.454] [DEBUG] cheese - admin
[2022-07-13T10:32:17.478] [DEBUG] cheese - null
[2022-07-13T10:32:17.479] [DEBUG] cheese - null
